reports/io-ktor/2-3-10-to-2-3-13/run-26555868161/phase1/before/shared/build/outputs/logs/manifest-merger-release-report.txt
-- Merging decision tree log ---
manifest
ADDED from ProcessLibraryManifest/release/tempAndroidManifest15908913768848619938.xml:2:13-83
INJECTED from ProcessLibraryManifest/release/tempAndroidManifest15908913768848619938.xml:2:13-83
	package
		INJECTED from ProcessLibraryManifest/release/tempAndroidManifest15908913768848619938.xml
	xmlns:android
		ADDED from ProcessLibraryManifest/release/tempAndroidManifest15908913768848619938.xml:2:23-81
uses-sdk
INJECTED from ProcessLibraryManifest/release/tempAndroidManifest15908913768848619938.xml reason: use-sdk injection requested
INJECTED from ProcessLibraryManifest/release/tempAndroidManifest15908913768848619938.xml
INJECTED from ProcessLibraryManifest/release/tempAndroidManifest15908913768848619938.xml
	android:targetSdkVersion
		INJECTED from ProcessLibraryManifest/release/tempAndroidManifest15908913768848619938.xml
	android:minSdkVersion
		INJECTED from ProcessLibraryManifest/release/tempAndroidManifest15908913768848619938.xml